<?xml version="1.0" encoding="UTF-8" ?>
<testsuite errors="0" failures="0" hostname="raivo" name="ee.pri.rl.treedistance.test.NHXReaderTest" tests="1" time="0.345" timestamp="2009-05-26T16:07:43">
  <properties>
    <property name="java.runtime.name" value="Java(TM) SE Runtime Environment" />
    <property name="sun.boot.library.path" value="/usr/lib/java/jre/lib/i386" />
    <property name="java.vm.version" value="11.0-b15" />
    <property name="ant.library.dir" value="/opt/ant/lib" />
    <property name="ant.version" value="Apache Ant version 1.7.1 compiled on June 27 2008" />
    <property name="ant.java.version" value="1.6" />
    <property name="java.vm.vendor" value="Sun Microsystems Inc." />
    <property name="java.vendor.url" value="http://java.sun.com/" />
    <property name="path.separator" value=":" />
    <property name="doc" value="doc" />
    <property name="java.vm.name" value="Java HotSpot(TM) Client VM" />
    <property name="file.encoding.pkg" value="sun.io" />
    <property name="user.country" value="US" />
    <property name="sun.java.launcher" value="SUN_STANDARD" />
    <property name="sun.os.patch.level" value="unknown" />
    <property name="java.vm.specification.name" value="Java Virtual Machine Specification" />
    <property name="user.dir" value="/home/raivo/school/ut/2009_algorithmics/treedistance" />
    <property name="lib" value="lib" />
    <property name="ant.file.treedistance" value="/home/raivo/school/ut/2009_algorithmics/treedistance/build.xml" />
    <property name="java.runtime.version" value="1.6.0_10-b33" />
    <property name="java.awt.graphicsenv" value="sun.awt.X11GraphicsEnvironment" />
    <property name="basedir" value="/home/raivo/school/ut/2009_algorithmics/treedistance" />
    <property name="java.endorsed.dirs" value="/usr/lib/java/jre/lib/endorsed" />
    <property name="os.arch" value="i386" />
    <property name="java.io.tmpdir" value="/tmp" />
    <property name="ant.core.lib" value="/opt/ant/lib/ant.jar" />
    <property name="line.separator" value="
" />
    <property name="java.vm.specification.vendor" value="Sun Microsystems Inc." />
    <property name="os.name" value="Linux" />
    <property name="ant.home" value="/opt/ant" />
    <property name="ant.project.name" value="treedistance" />
    <property name="sun.jnu.encoding" value="ISO-8859-1" />
    <property name="java.library.path" value="/usr/lib/java/jre/lib/i386/client:/usr/lib/java/jre/lib/i386:/usr/lib/java/jre/../lib/i386:/usr/lib/jdk1.7.0/jre/lib/i386:/usr/lib/jdk1.7.0/jre/lib/i386/client:/usr/java/packages/lib/i386:/lib:/usr/lib" />
    <property name="src" value="src" />
    <property name="java.class.version" value="50.0" />
    <property name="java.specification.name" value="Java Platform API Specification" />
    <property name="sun.management.compiler" value="HotSpot Client Compiler" />
    <property name="os.version" value="2.6.24.5-smp" />
    <property name="ant.file" value="/home/raivo/school/ut/2009_algorithmics/treedistance/build.xml" />
    <property name="doc.reports" value="doc/reports" />
    <property name="user.home" value="/home/raivo" />
    <property name="user.timezone" value="" />
    <property name="java.awt.printerjob" value="sun.print.PSPrinterJob" />
    <property name="java.specification.version" value="1.6" />
    <property name="file.encoding" value="ISO-8859-1" />
    <property name="java.class.path" value="/home/raivo/school/ut/2009_algorithmics/treedistance/lib/commons-cli.jar:/home/raivo/school/ut/2009_algorithmics/treedistance/lib/commons-io-1.4.jar:/home/raivo/school/ut/2009_algorithmics/treedistance/lib/junit-4.5.jar:/home/raivo/school/ut/2009_algorithmics/treedistance/bin:/opt/ant/lib/ant-launcher.jar:/opt/ant/lib/ant.jar:/opt/ant/lib/ant-junit.jar" />
    <property name="user.name" value="raivo" />
    <property name="doc.reports.test" value="doc/reports/test" />
    <property name="java.vm.specification.version" value="1.0" />
    <property name="java.home" value="/usr/lib/java/jre" />
    <property name="sun.arch.data.model" value="32" />
    <property name="java.specification.vendor" value="Sun Microsystems Inc." />
    <property name="user.language" value="en" />
    <property name="build" value="bin" />
    <property name="java.vm.info" value="mixed mode, sharing" />
    <property name="java.version" value="1.6.0_10" />
    <property name="java.ext.dirs" value="/usr/lib/java/jre/lib/ext:/usr/java/packages/lib/ext" />
    <property name="sun.boot.class.path" value="/usr/lib/java/jre/lib/resources.jar:/usr/lib/java/jre/lib/rt.jar:/usr/lib/java/jre/lib/sunrsasign.jar:/usr/lib/java/jre/lib/jsse.jar:/usr/lib/java/jre/lib/jce.jar:/usr/lib/java/jre/lib/charsets.jar:/usr/lib/java/jre/classes" />
    <property name="java.vendor" value="Sun Microsystems Inc." />
    <property name="file.separator" value="/" />
    <property name="jar" value="treedistance.jar" />
    <property name="java.vendor.url.bug" value="http://java.sun.com/cgi-bin/bugreport.cgi" />
    <property name="sun.cpu.endian" value="little" />
    <property name="sun.io.unicode.encoding" value="UnicodeLittle" />
    <property name="sun.cpu.isalist" value="" />
  </properties>
  <testcase classname="ee.pri.rl.treedistance.test.NHXReaderTest" name="testParse" time="0.065" />
  <system-out><![CDATA[(((BGIOSIBCA020079_ORYSA,BGIOSIRCA004911_ORYSA),(((BGIOSIBCA031207_ORYSA,BGIOSIBCA031210_ORYSA),BGIOSIRCA007896_ORYSA),At1g47230_ARATH)),((((BGIOSIBCA020437_ORYSA,BGIOSIBCA038717_ORYSA),((((At1g34460_ARATH,At5g06150_ARATH),At3g11520_ARATH),At4g37490_ARATH),At2g26760_ARATH)),(((BGIOSIBCA035401_ORYSA,BGIOSIRCA012928_ORYSA),(At1g20610_ARATH,At1g76310_ARATH)),(At2g17620_ARATH,At4g35620_ARATH))),(((((cdc13_SCHPO,cig2_SCHPO),((CLB1_YEAST,CLB2_YEAST),(CLB5_YEAST,CLB6_YEAST))),((cig1_SCHPO,rem1_SCHPO),(CLB3_YEAST,CLB4_YEAST))),(((((((CCNB1_HUMAN,(Ccnb1_MOUSE,ENSMUST00000096142_MOUSE)),ENSMODT00000025015_MONDO),(Q6P801_XENTR,Q9DD99_XENTR)),((ENSDART00000056220_BRARE,ccnb1_BRARE),NEWSINFRUT00000154336_FUGRU)),(((((CCNB2_HUMAN,Ccnb2_MOUSE),ENSMODT00000011254_MONDO),ENSGALT00000006616_CHICK),(Q66KA1_XENTR,Q9DD98_XENTR)),(ccnb2_BRARE,NEWSINFRUT00000142729_FUGRU))),(CycB-RA_DROME,GA17491-PA_DROPS)),(Sm00.scaff00373.0090_SCHMA,(CBG17647_CAEBR,((F2-cyb-2_CAEEL,cyb-2_CAEEL),cyb-1_CAEEL))))),(((((((CCNB3_HUMAN,Ccnb3_MOUSE),ENSMODT00000014337_MONDO),ENSXETT00000048888_XENTR),(ENSDART00000041619_BRARE,NEWSINFRUT00000166300_FUGRU)),ENSCINT00000015869_CIOIN),((CycB3-RA_DROME,GA19151-PA_DROPS),(CBG05553_CAEBR,cyb-3_CAEEL))),Sm00.scaff00150.0280_SCHMA))))
BGIOSIBCA020079_ORYSA
BGIOSIRCA004911_ORYSA
BGIOSIBCA031207_ORYSA
BGIOSIBCA031210_ORYSA
BGIOSIRCA007896_ORYSA
At1g47230_ARATH
BGIOSIBCA020437_ORYSA
BGIOSIBCA038717_ORYSA
At1g34460_ARATH
At5g06150_ARATH
At3g11520_ARATH
At4g37490_ARATH
At2g26760_ARATH
BGIOSIBCA035401_ORYSA
BGIOSIRCA012928_ORYSA
At1g20610_ARATH
At1g76310_ARATH
At2g17620_ARATH
At4g35620_ARATH
cdc13_SCHPO
cig2_SCHPO
CLB1_YEAST
CLB2_YEAST
CLB5_YEAST
CLB6_YEAST
cig1_SCHPO
rem1_SCHPO
CLB3_YEAST
CLB4_YEAST
CCNB1_HUMAN
Ccnb1_MOUSE
ENSMUST00000096142_MOUSE
ENSMODT00000025015_MONDO
Q6P801_XENTR
Q9DD99_XENTR
ENSDART00000056220_BRARE
ccnb1_BRARE
NEWSINFRUT00000154336_FUGRU
CCNB2_HUMAN
Ccnb2_MOUSE
ENSMODT00000011254_MONDO
ENSGALT00000006616_CHICK
Q66KA1_XENTR
Q9DD98_XENTR
ccnb2_BRARE
NEWSINFRUT00000142729_FUGRU
CycB-RA_DROME
GA17491-PA_DROPS
Sm00.scaff00373.0090_SCHMA
CBG17647_CAEBR
F2-cyb-2_CAEEL
cyb-2_CAEEL
cyb-1_CAEEL
CCNB3_HUMAN
Ccnb3_MOUSE
ENSMODT00000014337_MONDO
ENSXETT00000048888_XENTR
ENSDART00000041619_BRARE
NEWSINFRUT00000166300_FUGRU
ENSCINT00000015869_CIOIN
CycB3-RA_DROME
GA19151-PA_DROPS
CBG05553_CAEBR
cyb-3_CAEEL
Sm00.scaff00150.0280_SCHMA
]]></system-out>
  <system-err><![CDATA[]]></system-err>
</testsuite>
